This is pdfTeX, Version 3.1415926-2.5-1.40.14 (TeX Live 2013/Debian) (format=pdflatex 2015.11.26)  3 MAY 2016 11:56
entering extended mode
 restricted \write18 enabled.
 %&-line parsing enabled.
**report.tex
(./report.tex
LaTeX2e <2011/06/27>
Babel <3.9h> and hyphenation patterns for 78 languages loaded.
(/usr/share/texlive/texmf-dist/tex/latex/base/report.cls
Document Class: report 2007/10/19 v1.4h Standard LaTeX document class
(/usr/share/texlive/texmf-dist/tex/latex/base/size10.clo
File: size10.clo 2007/10/19 v1.4h Standard LaTeX file (size option)
)
\c@part=\count79
\c@chapter=\count80
\c@section=\count81
\c@subsection=\count82
\c@subsubsection=\count83
\c@paragraph=\count84
\c@subparagraph=\count85
\c@figure=\count86
\c@table=\count87
\abovecaptionskip=\skip41
\belowcaptionskip=\skip42
\bibindent=\dimen102
)
(/usr/share/texlive/texmf-dist/tex/latex/appendix/appendix.sty
Package: appendix 2009/09/02 v1.2b extra appendix facilities
\c@@pps=\count88
\c@@ppsavesec=\count89
\c@@ppsaveapp=\count90
)
(/usr/share/texlive/texmf-dist/tex/latex/pdfpages/pdfpages.sty
Package: pdfpages 2013/08/25 v0.4v Insert pages of external PDF documents (AM)

(/usr/share/texlive/texmf-dist/tex/latex/base/ifthen.sty
Package: ifthen 2001/05/26 v1.1c Standard LaTeX ifthen package (DPC)
)
(/usr/share/texlive/texmf-dist/tex/latex/tools/calc.sty
Package: calc 2007/08/22 v4.3 Infix arithmetic (KKT,FJ)
\calc@Acount=\count91
\calc@Bcount=\count92
\calc@Adimen=\dimen103
\calc@Bdimen=\dimen104
\calc@Askip=\skip43
\calc@Bskip=\skip44
LaTeX Info: Redefining \setlength on input line 76.
LaTeX Info: Redefining \addtolength on input line 77.
\calc@Ccount=\count93
\calc@Cskip=\skip45
)
(/usr/share/texlive/texmf-dist/tex/latex/eso-pic/eso-pic.sty
Package: eso-pic 2013/10/06 v2.0d eso-pic (RN)

(/usr/share/texlive/texmf-dist/tex/generic/oberdiek/atbegshi.sty
Package: atbegshi 2011/10/05 v1.16 At begin shipout hook (HO)

(/usr/share/texlive/texmf-dist/tex/generic/oberdiek/infwarerr.sty
Package: infwarerr 2010/04/08 v1.3 Providing info/warning/error messages (HO)
)
(/usr/share/texlive/texmf-dist/tex/generic/oberdiek/ltxcmds.sty
Package: ltxcmds 2011/11/09 v1.22 LaTeX kernel commands for general use (HO)
)
(/usr/share/texlive/texmf-dist/tex/generic/oberdiek/ifpdf.sty
Package: ifpdf 2011/01/30 v2.3 Provides the ifpdf switch (HO)
Package ifpdf Info: pdfTeX in PDF mode is detected.
))
(/usr/share/texlive/texmf-dist/tex/latex/graphics/keyval.sty
Package: keyval 1999/03/16 v1.13 key=value parser (DPC)
\KV@toks@=\toks14
)
(/usr/share/texmf/tex/latex/xcolor/xcolor.sty
Package: xcolor 2007/01/21 v2.11 LaTeX color extensions (UK)

(/usr/share/texlive/texmf-dist/tex/latex/latexconfig/color.cfg
File: color.cfg 2007/01/18 v1.5 color configuration of teTeX/TeXLive
)
Package xcolor Info: Driver file: pdftex.def on input line 225.

(/usr/share/texlive/texmf-dist/tex/latex/pdftex-def/pdftex.def
File: pdftex.def 2011/05/27 v0.06d Graphics/color for pdfTeX
\Gread@gobject=\count94
)
Package xcolor Info: Model `cmy' substituted by `cmy0' on input line 1337.
Package xcolor Info: Model `hsb' substituted by `rgb' on input line 1341.
Package xcolor Info: Model `RGB' extended on input line 1353.
Package xcolor Info: Model `HTML' substituted by `rgb' on input line 1355.
Package xcolor Info: Model `Hsb' substituted by `hsb' on input line 1356.
Package xcolor Info: Model `tHsb' substituted by `hsb' on input line 1357.
Package xcolor Info: Model `HSB' substituted by `hsb' on input line 1358.
Package xcolor Info: Model `Gray' substituted by `gray' on input line 1359.
Package xcolor Info: Model `wave' substituted by `hsb' on input line 1360.
))
(/usr/share/texlive/texmf-dist/tex/latex/graphics/graphicx.sty
Package: graphicx 1999/02/16 v1.0f Enhanced LaTeX Graphics (DPC,SPQR)

(/usr/share/texlive/texmf-dist/tex/latex/graphics/graphics.sty
Package: graphics 2009/02/05 v1.0o Standard LaTeX Graphics (DPC,SPQR)

(/usr/share/texlive/texmf-dist/tex/latex/graphics/trig.sty
Package: trig 1999/03/16 v1.09 sin cos tan (DPC)
)
(/usr/share/texlive/texmf-dist/tex/latex/latexconfig/graphics.cfg
File: graphics.cfg 2010/04/23 v1.9 graphics configuration of TeX Live
)
Package graphics Info: Driver file: pdftex.def on input line 91.
)
\Gin@req@height=\dimen105
\Gin@req@width=\dimen106
)
(/usr/share/texlive/texmf-dist/tex/latex/pdfpages/pppdftex.def
File: pppdftex.def 2013/08/25 v0.4v Pdfpages driver for pdfTeX (AM)
)
\AM@pagebox=\box26
\AM@toc@title=\toks15
\c@AM@survey=\count95
\AM@templatesizebox=\box27
)
(/usr/share/texlive/texmf-dist/tex/latex/listings/listings.sty
\lst@mode=\count96
\lst@gtempboxa=\box28
\lst@token=\toks16
\lst@length=\count97
\lst@currlwidth=\dimen107
\lst@column=\count98
\lst@pos=\count99
\lst@lostspace=\dimen108
\lst@width=\dimen109
\lst@newlines=\count100
\lst@lineno=\count101
\lst@maxwidth=\dimen110

(/usr/share/texlive/texmf-dist/tex/latex/listings/lstmisc.sty
File: lstmisc.sty 2013/08/26 1.5b (Carsten Heinz)
\c@lstnumber=\count102
\lst@skipnumbers=\count103
\lst@framebox=\box29
)
(/usr/share/texlive/texmf-dist/tex/latex/listings/listings.cfg
File: listings.cfg 2013/08/26 1.5b listings configuration
))
Package: listings 2013/08/26 1.5b (Carsten Heinz)

(/usr/share/texlive/texmf-dist/tex/latex/caption/caption.sty
Package: caption 2013/05/02 v3.3-89 Customizing captions (AR)

(/usr/share/texlive/texmf-dist/tex/latex/caption/caption3.sty
Package: caption3 2013/05/02 v1.6-88 caption3 kernel (AR)
Package caption3 Info: TeX engine: e-TeX on input line 57.
\captionmargin=\dimen111
\captionmargin@=\dimen112
\captionwidth=\dimen113
\caption@tempdima=\dimen114
\caption@indent=\dimen115
\caption@parindent=\dimen116
\caption@hangindent=\dimen117
)
\c@ContinuedFloat=\count104
Package caption Info: listings package is loaded.
)
(/usr/share/texlive/texmf-dist/tex/latex/caption/subcaption.sty
Package: subcaption 2013/02/03 v1.1-62 Sub-captions (AR)
\c@subfigure=\count105
\c@subtable=\count106
)
(/usr/share/texlive/texmf-dist/tex/latex/placeins/placeins.sty
Package: placeins 2005/04/18  v 2.2
)
(/usr/share/texlive/texmf-dist/tex/latex/lipsum/lipsum.sty
Package: lipsum 2011/04/14 v1.2 150 paragraphs of Lorem Ipsum dummy text
\c@lips@count=\count107
)
(/usr/share/texlive/texmf-dist/tex/latex/hyperref/hyperref.sty
Package: hyperref 2012/11/06 v6.83m Hypertext links for LaTeX

(/usr/share/texlive/texmf-dist/tex/generic/oberdiek/hobsub-hyperref.sty
Package: hobsub-hyperref 2012/05/28 v1.13 Bundle oberdiek, subset hyperref (HO)


(/usr/share/texlive/texmf-dist/tex/generic/oberdiek/hobsub-generic.sty
Package: hobsub-generic 2012/05/28 v1.13 Bundle oberdiek, subset generic (HO)
Package: hobsub 2012/05/28 v1.13 Construct package bundles (HO)
Package hobsub Info: Skipping package `infwarerr' (already loaded).
Package hobsub Info: Skipping package `ltxcmds' (already loaded).
Package: ifluatex 2010/03/01 v1.3 Provides the ifluatex switch (HO)
Package ifluatex Info: LuaTeX not detected.
Package: ifvtex 2010/03/01 v1.5 Detect VTeX and its facilities (HO)
Package ifvtex Info: VTeX not detected.
Package: intcalc 2007/09/27 v1.1 Expandable calculations with integers (HO)
Package hobsub Info: Skipping package `ifpdf' (already loaded).
Package: etexcmds 2011/02/16 v1.5 Avoid name clashes with e-TeX commands (HO)
Package etexcmds Info: Could not find \expanded.
(etexcmds)             That can mean that you are not using pdfTeX 1.50 or
(etexcmds)             that some package has redefined \expanded.
(etexcmds)             In the latter case, load this package earlier.
Package: kvsetkeys 2012/04/25 v1.16 Key value parser (HO)
Package: kvdefinekeys 2011/04/07 v1.3 Define keys (HO)
Package: pdftexcmds 2011/11/29 v0.20 Utility functions of pdfTeX for LuaTeX (HO
)
Package pdftexcmds Info: LuaTeX not detected.
Package pdftexcmds Info: \pdf@primitive is available.
Package pdftexcmds Info: \pdf@ifprimitive is available.
Package pdftexcmds Info: \pdfdraftmode found.
Package: pdfescape 2011/11/25 v1.13 Implements pdfTeX's escape features (HO)
Package: bigintcalc 2012/04/08 v1.3 Expandable calculations on big integers (HO
)
Package: bitset 2011/01/30 v1.1 Handle bit-vector datatype (HO)
Package: uniquecounter 2011/01/30 v1.2 Provide unlimited unique counter (HO)
)
Package hobsub Info: Skipping package `hobsub' (already loaded).
Package: letltxmacro 2010/09/02 v1.4 Let assignment for LaTeX macros (HO)
Package: hopatch 2012/05/28 v1.2 Wrapper for package hooks (HO)
Package: xcolor-patch 2011/01/30 xcolor patch
Package: atveryend 2011/06/30 v1.8 Hooks at the very end of document (HO)
Package atveryend Info: \enddocument detected (standard20110627).
Package hobsub Info: Skipping package `atbegshi' (already loaded).
Package: refcount 2011/10/16 v3.4 Data extraction from label references (HO)
Package: hycolor 2011/01/30 v1.7 Color options for hyperref/bookmark (HO)
)
(/usr/share/texlive/texmf-dist/tex/generic/ifxetex/ifxetex.sty
Package: ifxetex 2010/09/12 v0.6 Provides ifxetex conditional
)
(/usr/share/texlive/texmf-dist/tex/latex/oberdiek/auxhook.sty
Package: auxhook 2011/03/04 v1.3 Hooks for auxiliary files (HO)
)
(/usr/share/texlive/texmf-dist/tex/latex/oberdiek/kvoptions.sty
Package: kvoptions 2011/06/30 v3.11 Key value format for package options (HO)
)
\@linkdim=\dimen118
\Hy@linkcounter=\count108
\Hy@pagecounter=\count109

(/usr/share/texlive/texmf-dist/tex/latex/hyperref/pd1enc.def
File: pd1enc.def 2012/11/06 v6.83m Hyperref: PDFDocEncoding definition (HO)
)
\Hy@SavedSpaceFactor=\count110

(/usr/share/texlive/texmf-dist/tex/latex/latexconfig/hyperref.cfg
File: hyperref.cfg 2002/06/06 v1.2 hyperref configuration of TeXLive
)
Package hyperref Info: Hyper figures OFF on input line 4443.
Package hyperref Info: Link nesting OFF on input line 4448.
Package hyperref Info: Hyper index ON on input line 4451.
Package hyperref Info: Plain pages OFF on input line 4458.
Package hyperref Info: Backreferencing OFF on input line 4463.
Package hyperref Info: Implicit mode ON; LaTeX internals redefined.
Package hyperref Info: Bookmarks ON on input line 4688.
\c@Hy@tempcnt=\count111

(/usr/share/texlive/texmf-dist/tex/latex/url/url.sty
\Urlmuskip=\muskip10
Package: url 2013/09/16  ver 3.4  Verb mode for urls, etc.
)
LaTeX Info: Redefining \url on input line 5041.
\XeTeXLinkMargin=\dimen119
\Fld@menulength=\count112
\Field@Width=\dimen120
\Fld@charsize=\dimen121
Package hyperref Info: Hyper figures OFF on input line 6295.
Package hyperref Info: Link nesting OFF on input line 6300.
Package hyperref Info: Hyper index ON on input line 6303.
Package hyperref Info: backreferencing OFF on input line 6310.
Package hyperref Info: Link coloring OFF on input line 6315.
Package hyperref Info: Link coloring with OCG OFF on input line 6320.
Package hyperref Info: PDF/A mode OFF on input line 6325.
LaTeX Info: Redefining \ref on input line 6365.
LaTeX Info: Redefining \pageref on input line 6369.
\Hy@abspage=\count113
\c@Item=\count114
\c@Hfootnote=\count115
)

Package hyperref Message: Driver (autodetected): hpdftex.

(/usr/share/texlive/texmf-dist/tex/latex/hyperref/hpdftex.def
File: hpdftex.def 2012/11/06 v6.83m Hyperref driver for pdfTeX
\Fld@listcount=\count116
\c@bookmark@seq@number=\count117

(/usr/share/texlive/texmf-dist/tex/latex/oberdiek/rerunfilecheck.sty
Package: rerunfilecheck 2011/04/15 v1.7 Rerun checks for auxiliary files (HO)
Package uniquecounter Info: New unique counter `rerunfilecheck' on input line 2
82.
)
\Hy@SectionHShift=\skip46
)
Package hyperref Info: Option `colorlinks' set `false' on input line 21.

(/usr/share/texlive/texmf-dist/tex/latex/fancyhdr/fancyhdr.sty
\fancy@headwidth=\skip47
\f@ncyO@elh=\skip48
\f@ncyO@erh=\skip49
\f@ncyO@olh=\skip50
\f@ncyO@orh=\skip51
\f@ncyO@elf=\skip52
\f@ncyO@erf=\skip53
\f@ncyO@olf=\skip54
\f@ncyO@orf=\skip55
)
(/usr/share/texlive/texmf-dist/tex/latex/titlesec/titlesec.sty
Package: titlesec 2011/12/15 v2.10.0 Sectioning titles
\ttl@box=\box30
\beforetitleunit=\skip56
\aftertitleunit=\skip57
\ttl@plus=\dimen122
\ttl@minus=\dimen123
\ttl@toksa=\toks17
\titlewidth=\dimen124
\titlewidthlast=\dimen125
\titlewidthfirst=\dimen126
)
(/usr/share/texmf/tex/latex/pgf/frontendlayer/tikz.sty
(/usr/share/texmf/tex/latex/pgf/basiclayer/pgf.sty
(/usr/share/texmf/tex/latex/pgf/utilities/pgfrcs.sty
(/usr/share/texmf/tex/generic/pgf/utilities/pgfutil-common.tex
\pgfutil@everybye=\toks18
)
(/usr/share/texmf/tex/generic/pgf/utilities/pgfutil-latex.def
\pgfutil@abb=\box31

(/usr/share/texlive/texmf-dist/tex/latex/ms/everyshi.sty
Package: everyshi 2001/05/15 v3.00 EveryShipout Package (MS)
))
(/usr/share/texmf/tex/generic/pgf/utilities/pgfrcs.code.tex
Package: pgfrcs 2010/10/25 v2.10 (rcs-revision 1.24)
))
Package: pgf 2008/01/15 v2.10 (rcs-revision 1.12)

(/usr/share/texmf/tex/latex/pgf/basiclayer/pgfcore.sty
(/usr/share/texmf/tex/latex/pgf/systemlayer/pgfsys.sty
(/usr/share/texmf/tex/generic/pgf/systemlayer/pgfsys.code.tex
Package: pgfsys 2010/06/30 v2.10 (rcs-revision 1.37)

(/usr/share/texmf/tex/generic/pgf/utilities/pgfkeys.code.tex
\pgfkeys@pathtoks=\toks19
\pgfkeys@temptoks=\toks20

(/usr/share/texmf/tex/generic/pgf/utilities/pgfkeysfiltered.code.tex
\pgfkeys@tmptoks=\toks21
))
\pgf@x=\dimen127
\pgf@y=\dimen128
\pgf@xa=\dimen129
\pgf@ya=\dimen130
\pgf@xb=\dimen131
\pgf@yb=\dimen132
\pgf@xc=\dimen133
\pgf@yc=\dimen134
\w@pgf@writea=\write3
\r@pgf@reada=\read1
\c@pgf@counta=\count118
\c@pgf@countb=\count119
\c@pgf@countc=\count120
\c@pgf@countd=\count121

(/usr/share/texmf/tex/generic/pgf/systemlayer/pgf.cfg
File: pgf.cfg 2008/05/14  (rcs-revision 1.7)
)
Package pgfsys Info: Driver file for pgf: pgfsys-pdftex.def on input line 900.

(/usr/share/texmf/tex/generic/pgf/systemlayer/pgfsys-pdftex.def
File: pgfsys-pdftex.def 2009/05/22  (rcs-revision 1.26)

(/usr/share/texmf/tex/generic/pgf/systemlayer/pgfsys-common-pdf.def
File: pgfsys-common-pdf.def 2008/05/19  (rcs-revision 1.10)
)))
(/usr/share/texmf/tex/generic/pgf/systemlayer/pgfsyssoftpath.code.tex
File: pgfsyssoftpath.code.tex 2008/07/18  (rcs-revision 1.7)
\pgfsyssoftpath@smallbuffer@items=\count122
\pgfsyssoftpath@bigbuffer@items=\count123
)
(/usr/share/texmf/tex/generic/pgf/systemlayer/pgfsysprotocol.code.tex
File: pgfsysprotocol.code.tex 2006/10/16  (rcs-revision 1.4)
))
(/usr/share/texmf/tex/generic/pgf/basiclayer/pgfcore.code.tex
Package: pgfcore 2010/04/11 v2.10 (rcs-revision 1.7)

(/usr/share/texmf/tex/generic/pgf/math/pgfmath.code.tex
(/usr/share/texmf/tex/generic/pgf/math/pgfmathcalc.code.tex
(/usr/share/texmf/tex/generic/pgf/math/pgfmathutil.code.tex)
(/usr/share/texmf/tex/generic/pgf/math/pgfmathparser.code.tex
\pgfmath@dimen=\dimen135
\pgfmath@count=\count124
\pgfmath@box=\box32
\pgfmath@toks=\toks22
\pgfmath@stack@operand=\toks23
\pgfmath@stack@operation=\toks24
)
(/usr/share/texmf/tex/generic/pgf/math/pgfmathfunctions.code.tex
(/usr/share/texmf/tex/generic/pgf/math/pgfmathfunctions.basic.code.tex)
(/usr/share/texmf/tex/generic/pgf/math/pgfmathfunctions.trigonometric.code.tex)
(/usr/share/texmf/tex/generic/pgf/math/pgfmathfunctions.random.code.tex)
(/usr/share/texmf/tex/generic/pgf/math/pgfmathfunctions.comparison.code.tex)
(/usr/share/texmf/tex/generic/pgf/math/pgfmathfunctions.base.code.tex)
(/usr/share/texmf/tex/generic/pgf/math/pgfmathfunctions.round.code.tex)
(/usr/share/texmf/tex/generic/pgf/math/pgfmathfunctions.misc.code.tex)))
(/usr/share/texmf/tex/generic/pgf/math/pgfmathfloat.code.tex
\c@pgfmathroundto@lastzeros=\count125
))
(/usr/share/texmf/tex/generic/pgf/basiclayer/pgfcorepoints.code.tex
File: pgfcorepoints.code.tex 2010/04/09  (rcs-revision 1.20)
\pgf@picminx=\dimen136
\pgf@picmaxx=\dimen137
\pgf@picminy=\dimen138
\pgf@picmaxy=\dimen139
\pgf@pathminx=\dimen140
\pgf@pathmaxx=\dimen141
\pgf@pathminy=\dimen142
\pgf@pathmaxy=\dimen143
\pgf@xx=\dimen144
\pgf@xy=\dimen145
\pgf@yx=\dimen146
\pgf@yy=\dimen147
\pgf@zx=\dimen148
\pgf@zy=\dimen149
)
(/usr/share/texmf/tex/generic/pgf/basiclayer/pgfcorepathconstruct.code.tex
File: pgfcorepathconstruct.code.tex 2010/08/03  (rcs-revision 1.24)
\pgf@path@lastx=\dimen150
\pgf@path@lasty=\dimen151
)
(/usr/share/texmf/tex/generic/pgf/basiclayer/pgfcorepathusage.code.tex
File: pgfcorepathusage.code.tex 2008/04/22  (rcs-revision 1.12)
\pgf@shorten@end@additional=\dimen152
\pgf@shorten@start@additional=\dimen153
)
(/usr/share/texmf/tex/generic/pgf/basiclayer/pgfcorescopes.code.tex
File: pgfcorescopes.code.tex 2010/09/08  (rcs-revision 1.34)
\pgfpic=\box33
\pgf@hbox=\box34
\pgf@layerbox@main=\box35
\pgf@picture@serial@count=\count126
)
(/usr/share/texmf/tex/generic/pgf/basiclayer/pgfcoregraphicstate.code.tex
File: pgfcoregraphicstate.code.tex 2008/04/22  (rcs-revision 1.9)
\pgflinewidth=\dimen154
)
(/usr/share/texmf/tex/generic/pgf/basiclayer/pgfcoretransformations.code.tex
File: pgfcoretransformations.code.tex 2009/06/10  (rcs-revision 1.11)
\pgf@pt@x=\dimen155
\pgf@pt@y=\dimen156
\pgf@pt@temp=\dimen157
)
(/usr/share/texmf/tex/generic/pgf/basiclayer/pgfcorequick.code.tex
File: pgfcorequick.code.tex 2008/10/09  (rcs-revision 1.3)
)
(/usr/share/texmf/tex/generic/pgf/basiclayer/pgfcoreobjects.code.tex
File: pgfcoreobjects.code.tex 2006/10/11  (rcs-revision 1.2)
)
(/usr/share/texmf/tex/generic/pgf/basiclayer/pgfcorepathprocessing.code.tex
File: pgfcorepathprocessing.code.tex 2008/10/09  (rcs-revision 1.8)
)
(/usr/share/texmf/tex/generic/pgf/basiclayer/pgfcorearrows.code.tex
File: pgfcorearrows.code.tex 2008/04/23  (rcs-revision 1.11)
)
(/usr/share/texmf/tex/generic/pgf/basiclayer/pgfcoreshade.code.tex
File: pgfcoreshade.code.tex 2008/11/23  (rcs-revision 1.13)
\pgf@max=\dimen158
\pgf@sys@shading@range@num=\count127
)
(/usr/share/texmf/tex/generic/pgf/basiclayer/pgfcoreimage.code.tex
File: pgfcoreimage.code.tex 2010/03/25  (rcs-revision 1.16)

(/usr/share/texmf/tex/generic/pgf/basiclayer/pgfcoreexternal.code.tex
File: pgfcoreexternal.code.tex 2010/09/01  (rcs-revision 1.17)
\pgfexternal@startupbox=\box36
))
(/usr/share/texmf/tex/generic/pgf/basiclayer/pgfcorelayers.code.tex
File: pgfcorelayers.code.tex 2010/08/27  (rcs-revision 1.2)
)
(/usr/share/texmf/tex/generic/pgf/basiclayer/pgfcoretransparency.code.tex
File: pgfcoretransparency.code.tex 2008/01/17  (rcs-revision 1.2)
)
(/usr/share/texmf/tex/generic/pgf/basiclayer/pgfcorepatterns.code.tex
File: pgfcorepatterns.code.tex 2009/07/02  (rcs-revision 1.3)
)))
(/usr/share/texmf/tex/generic/pgf/modules/pgfmoduleshapes.code.tex
File: pgfmoduleshapes.code.tex 2010/09/09  (rcs-revision 1.13)
\pgfnodeparttextbox=\box37
)
(/usr/share/texmf/tex/generic/pgf/modules/pgfmoduleplot.code.tex
File: pgfmoduleplot.code.tex 2010/10/22  (rcs-revision 1.8)
)
(/usr/share/texmf/tex/latex/pgf/compatibility/pgfcomp-version-0-65.sty
Package: pgfcomp-version-0-65 2007/07/03 v2.10 (rcs-revision 1.7)
\pgf@nodesepstart=\dimen159
\pgf@nodesepend=\dimen160
)
(/usr/share/texmf/tex/latex/pgf/compatibility/pgfcomp-version-1-18.sty
Package: pgfcomp-version-1-18 2007/07/23 v2.10 (rcs-revision 1.1)
))
(/usr/share/texmf/tex/latex/pgf/utilities/pgffor.sty
(/usr/share/texmf/tex/latex/pgf/utilities/pgfkeys.sty
(/usr/share/texmf/tex/generic/pgf/utilities/pgfkeys.code.tex))
(/usr/share/texmf/tex/generic/pgf/utilities/pgffor.code.tex
Package: pgffor 2010/03/23 v2.10 (rcs-revision 1.18)
\pgffor@iter=\dimen161
\pgffor@skip=\dimen162
\pgffor@stack=\toks25
\pgffor@toks=\toks26
))
(/usr/share/texmf/tex/generic/pgf/frontendlayer/tikz/tikz.code.tex
Package: tikz 2010/10/13 v2.10 (rcs-revision 1.76)

(/usr/share/texmf/tex/generic/pgf/libraries/pgflibraryplothandlers.code.tex
File: pgflibraryplothandlers.code.tex 2010/05/31 v2.10 (rcs-revision 1.15)
\pgf@plot@mark@count=\count128
\pgfplotmarksize=\dimen163
)
\tikz@lastx=\dimen164
\tikz@lasty=\dimen165
\tikz@lastxsaved=\dimen166
\tikz@lastysaved=\dimen167
\tikzleveldistance=\dimen168
\tikzsiblingdistance=\dimen169
\tikz@figbox=\box38
\tikz@tempbox=\box39
\tikztreelevel=\count129
\tikznumberofchildren=\count130
\tikznumberofcurrentchild=\count131
\tikz@fig@count=\count132

(/usr/share/texmf/tex/generic/pgf/modules/pgfmodulematrix.code.tex
File: pgfmodulematrix.code.tex 2010/08/24  (rcs-revision 1.4)
\pgfmatrixcurrentrow=\count133
\pgfmatrixcurrentcolumn=\count134
\pgf@matrix@numberofcolumns=\count135
)
\tikz@expandcount=\count136

(/usr/share/texmf/tex/generic/pgf/frontendlayer/tikz/libraries/tikzlibrarytopat
hs.code.tex
File: tikzlibrarytopaths.code.tex 2008/06/17 v2.10 (rcs-revision 1.2)
)))
(/usr/share/texmf/tex/generic/pgf/frontendlayer/tikz/libraries/tikzlibrarycalc.
code.tex
File: tikzlibrarycalc.code.tex 2009/09/04 v2.10 (rcs-revision 1.6)
)
(/usr/share/texmf/tex/generic/pgf/frontendlayer/tikz/libraries/tikzlibraryshape
s.geometric.code.tex
File: tikzlibraryshapes.geometric.code.tex 2008/01/09 v2.10 (rcs-revision 1.1)

(/usr/share/texmf/tex/generic/pgf/libraries/shapes/pgflibraryshapes.geometric.c
ode.tex
File: pgflibraryshapes.geometric.code.tex 2008/06/26 v2.10 (rcs-revision 1.1)
))
(/usr/share/texmf/tex/generic/pgf/frontendlayer/tikz/libraries/tikzlibraryarrow
s.code.tex
File: tikzlibraryarrows.code.tex 2008/01/09 v2.10 (rcs-revision 1.1)

(/usr/share/texmf/tex/generic/pgf/libraries/pgflibraryarrows.code.tex
File: pgflibraryarrows.code.tex 2008/10/27 v2.10 (rcs-revision 1.9)
\arrowsize=\dimen170
))
(./report.aux

LaTeX Warning: Label `fig32' multiply defined.

)
\openout1 = `report.aux'.

LaTeX Font Info:    Checking defaults for OML/cmm/m/it on input line 95.
LaTeX Font Info:    ... okay on input line 95.
LaTeX Font Info:    Checking defaults for T1/cmr/m/n on input line 95.
LaTeX Font Info:    ... okay on input line 95.
LaTeX Font Info:    Checking defaults for OT1/cmr/m/n on input line 95.
LaTeX Font Info:    ... okay on input line 95.
LaTeX Font Info:    Checking defaults for OMS/cmsy/m/n on input line 95.
LaTeX Font Info:    ... okay on input line 95.
LaTeX Font Info:    Checking defaults for OMX/cmex/m/n on input line 95.
LaTeX Font Info:    ... okay on input line 95.
LaTeX Font Info:    Checking defaults for U/cmr/m/n on input line 95.
LaTeX Font Info:    ... okay on input line 95.
LaTeX Font Info:    Checking defaults for PD1/pdf/m/n on input line 95.
LaTeX Font Info:    ... okay on input line 95.
\AtBeginShipoutBox=\box40
 (/usr/share/texlive/texmf-dist/tex/context/base/supp-pdf.mkii
[Loading MPS to PDF converter (version 2006.09.02).]
\scratchcounter=\count137
\scratchdimen=\dimen171
\scratchbox=\box41
\nofMPsegments=\count138
\nofMParguments=\count139
\everyMPshowfont=\toks27
\MPscratchCnt=\count140
\MPscratchDim=\dimen172
\MPnumerator=\count141
\makeMPintoPDFobject=\count142
\everyMPtoPDFconversion=\toks28
) (/usr/share/texlive/texmf-dist/tex/latex/oberdiek/epstopdf-base.sty
Package: epstopdf-base 2010/02/09 v2.5 Base part for package epstopdf

(/usr/share/texlive/texmf-dist/tex/latex/oberdiek/grfext.sty
Package: grfext 2010/08/19 v1.1 Manage graphics extensions (HO)
)
Package grfext Info: Graphics extension search list:
(grfext)             [.png,.pdf,.jpg,.mps,.jpeg,.jbig2,.jb2,.PNG,.PDF,.JPG,.JPE
G,.JBIG2,.JB2,.eps]
(grfext)             \AppendGraphicsExtensions on input line 452.

(/usr/share/texlive/texmf-dist/tex/latex/latexconfig/epstopdf-sys.cfg
File: epstopdf-sys.cfg 2010/07/13 v1.3 Configuration of (r)epstopdf for TeX Liv
e
))
\c@lstlisting=\count143
Package caption Info: Begin \AtBeginDocument code.
Package caption Info: hyperref package is loaded.
Package caption Info: End \AtBeginDocument code.
Package hyperref Info: Link coloring OFF on input line 95.

(/usr/share/texlive/texmf-dist/tex/latex/hyperref/nameref.sty
Package: nameref 2012/10/27 v2.43 Cross-referencing by name of section

(/usr/share/texlive/texmf-dist/tex/generic/oberdiek/gettitlestring.sty
Package: gettitlestring 2010/12/03 v1.4 Cleanup title references (HO)
)
\c@section@level=\count144
)
LaTeX Info: Redefining \ref on input line 95.
LaTeX Info: Redefining \pageref on input line 95.
LaTeX Info: Redefining \nameref on input line 95.

(./report.out) (./report.out)
\@outlinefile=\write4
\openout4 = `report.out'.

 ABD: EveryShipout initializing macros
(/usr/share/texlive/texmf-dist/tex/latex/listings/lstlang1.sty
File: lstlang1.sty 2013/08/26 1.5b listings language file
)
(/usr/share/texlive/texmf-dist/tex/latex/listings/lstmisc.sty
File: lstmisc.sty 2013/08/26 1.5b (Carsten Heinz)
)
LaTeX Font Info:    External font `cmex10' loaded for size
(Font)              <12> on input line 139.
LaTeX Font Info:    External font `cmex10' loaded for size
(Font)              <8> on input line 139.
LaTeX Font Info:    External font `cmex10' loaded for size
(Font)              <6> on input line 139.
 [1

{/var/lib/texmf/fonts/map/pdftex/updmap/pdftex.map}] [1

]
Missing character: There is no ‚ in font cmr10!
Missing character: There is no Ä in font cmr10!
Missing character: There is no ô in font cmr10!
Missing character: There is no ‚ in font cmr10!
Missing character: There is no Ä in font cmr10!
Missing character: There is no ê in font cmr10!
 [2

] (./report.lof
LaTeX Font Info:    External font `cmex10' loaded for size
(Font)              <7> on input line 2.
LaTeX Font Info:    External font `cmex10' loaded for size
(Font)              <5> on input line 2.
)
\tf@lof=\write5
\openout5 = `report.lof'.

 [3

] (./report.toc [4

])
\tf@toc=\write6
\openout6 = `report.toc'.

 [5]
CHAPTER 1.
pdfTeX warning (ext4): destination with the same identifier (name{page.1}) has 
been already used, duplicate ignored
<to be read again> 
                   \relax 
l.174 \section
              {Areas Of Application} [1

] [2]
<figcompaction.PNG, id=302, 454.69875pt x 199.49532pt>
File: figcompaction.PNG Graphic file (type png)
 <use figcompaction.PNG>
Package pdftex.def Info: figcompaction.PNG used on input line 232.
(pdftex.def)             Requested size: 345.0pt x 151.3684pt.

[3]
Underfull \hbox (badness 10000) in paragraph at lines 246--247

 []

LaTeX Font Info:    Try loading font information for OMS+cmr on input line 248.

(/usr/share/texlive/texmf-dist/tex/latex/base/omscmr.fd
File: omscmr.fd 1999/05/25 v2.5h Standard LaTeX font definitions
)
LaTeX Font Info:    Font shape `OMS/cmr/m/n' in size <10> not available
(Font)              Font shape `OMS/cmsy/m/n' tried instead on input line 248.

<p2.PNG, id=308, 132.495pt x 225.84375pt>
File: p2.PNG Graphic file (type png)
 <use p2.PNG>
Package pdftex.def Info: p2.PNG used on input line 251.
(pdftex.def)             Requested size: 66.24733pt x 112.92159pt.
 [4 <./figcompaction.PNG>] <p3.PNG, id=319, 240.9pt x 225.84375pt>
File: p3.PNG Graphic file (type png)
 <use p3.PNG>
Package pdftex.def Info: p3.PNG used on input line 258.
(pdftex.def)             Requested size: 120.44969pt x 112.92159pt.

<p4.PNG, id=320, 167.87718pt x 222.07968pt>
File: p4.PNG Graphic file (type png)
 <use p4.PNG>
Package pdftex.def Info: p4.PNG used on input line 265.
(pdftex.def)             Requested size: 83.93839pt x 111.03957pt.

Underfull \hbox (badness 10000) in paragraph at lines 262--270

 []


Underfull \hbox (badness 10000) in paragraph at lines 262--270

 []

<p5.PNG, id=321, 248.42813pt x 174.6525pt>
File: p5.PNG Graphic file (type png)
 <use p5.PNG>
Package pdftex.def Info: p5.PNG used on input line 273.
(pdftex.def)             Requested size: 124.21376pt x 87.32603pt.
 [5 <./p2.PNG> <./p3.PNG> <./p4.PNG>]
Underfull \hbox (badness 10000) in paragraph at lines 280--281

 []


Overfull \hbox (9.19508pt too wide) in paragraph at lines 282--285
[]\OT1/cmr/m/n/10 While wheeled robots are faster on level ground than legged r
obots, hexapods
 []

[6 <./p5.PNG>]
CHAPTER 2.
<fig31.PNG, id=337, 197.98969pt x 169.38281pt>
File: fig31.PNG Graphic file (type png)
 <use fig31.PNG>
Package pdftex.def Info: fig31.PNG used on input line 314.
(pdftex.def)             Requested size: 98.9946pt x 84.6912pt.

<fig32.PNG, id=339, 268.75406pt x 167.12437pt>
File: fig32.PNG Graphic file (type png)
 <use fig32.PNG>
Package pdftex.def Info: fig32.PNG used on input line 322.
(pdftex.def)             Requested size: 134.3767pt x 83.56197pt.
 [7

 <./fig31.PNG>] <fig34.jpg, id=350, 501.875pt x 501.875pt>
File: fig34.jpg Graphic file (type jpg)
 <use fig34.jpg>
Package pdftex.def Info: fig34.jpg used on input line 330.
(pdftex.def)             Requested size: 125.46843pt x 125.46843pt.

<fig33a.jpg, id=351, 399.4925pt x 328.22626pt>
File: fig33a.jpg Graphic file (type jpg)
 <use fig33a.jpg>
Package pdftex.def Info: fig33a.jpg used on input line 340.
(pdftex.def)             Requested size: 99.87288pt x 82.05635pt.

<fig33b.jpg, id=352, 602.25pt x 602.25pt>
File: fig33b.jpg Graphic file (type jpg)
 <use fig33b.jpg>
Package pdftex.def Info: fig33b.jpg used on input line 346.
(pdftex.def)             Requested size: 120.44786pt x 120.44786pt.
 [8 <./fig32.PNG> <./fig34.jpg>] <chassis.jpg, id=358, 602.25pt x 602.25pt>
File: chassis.jpg Graphic file (type jpg)
 <use chassis.jpg>
Package pdftex.def Info: chassis.jpg used on input line 358.
(pdftex.def)             Requested size: 84.31442pt x 84.31442pt.

<dagu.PNG, id=359, 265.74281pt x 170.13562pt>
File: dagu.PNG Graphic file (type png)
 <use dagu.PNG>
Package pdftex.def Info: dagu.PNG used on input line 364.
(pdftex.def)             Requested size: 132.87108pt x 85.0676pt.

<ds1820.png, id=360, 250.9375pt x 208.78pt>
File: ds1820.png Graphic file (type png)
 <use ds1820.png>
Package pdftex.def Info: ds1820.png used on input line 375.
(pdftex.def)             Requested size: 125.46843pt x 104.38972pt.


LaTeX Warning: `!h' float specifier changed to `!ht'.

[9 <./fig33a.jpg> <./fig33b.jpg> <./chassis.jpg> <./dagu.PNG>]
<humidity.jpg, id=367, 250.9375pt x 250.9375pt>
File: humidity.jpg Graphic file (type jpg)
 <use humidity.jpg>
Package pdftex.def Info: humidity.jpg used on input line 385.
(pdftex.def)             Requested size: 125.46843pt x 125.46843pt.

<ir.jpg, id=368, 250.9375pt x 250.9375pt>
File: ir.jpg Graphic file (type jpg)
 <use ir.jpg>
Package pdftex.def Info: ir.jpg used on input line 393.
(pdftex.def)             Requested size: 63.99013pt x 63.99013pt.
 [10 <./ds1820.png> <./humidity.jpg> <./ir.jpg>] <circpic.PNG, id=374, 344.7881
3pt x 319.94531pt>
File: circpic.PNG Graphic file (type png)

<use circpic.PNG>
Package pdftex.def Info: circpic.PNG used on input line 411.
(pdftex.def)             Requested size: 275.83087pt x 255.95659pt.
 [11 <./circpic.PNG>]
<circzigbee.PNG, id=380, 295.1025pt x 263.48438pt>
File: circzigbee.PNG Graphic file (type png)
 <use circzigbee.PNG>
Package pdftex.def Info: circzigbee.PNG used on input line 421.
(pdftex.def)             Requested size: 295.10176pt x 263.48372pt.

<circpwrsupply1.PNG, id=381, 717.43031pt x 175.40532pt>
File: circpwrsupply1.PNG Graphic file (type png)

<use circpwrsupply1.PNG>
Package pdftex.def Info: circpwrsupply1.PNG used on input line 431.
(pdftex.def)             Requested size: 466.32417pt x 114.01208pt.


LaTeX Warning: `!h' float specifier changed to `!ht'.

[12 <./circzigbee.PNG>] <circcamera.PNG, id=387, 126.4725pt x 179.92218pt>
File: circcamera.PNG Graphic file (type png)

<use circcamera.PNG>
Package pdftex.def Info: circcamera.PNG used on input line 441.
(pdftex.def)             Requested size: 126.47218pt x 179.92174pt.
 <circir.PNG, id=388, 188.95593pt x 226.59656pt>
File: circir.PNG Graphic file (type png)

<use circir.PNG>
Package pdftex.def Info: circir.PNG used on input line 447.
(pdftex.def)             Requested size: 151.16493pt x 181.27748pt.
 [13 <./circpwrsupply1.PNG>]
<circservo.png, id=396, 328.22626pt x 731.73375pt>
File: circservo.png Graphic file (type png)
 <use circservo.png>
Package pdftex.def Info: circservo.png used on input line 457.
(pdftex.def)             Requested size: 239.60316pt x 534.1612pt.


LaTeX Warning: Float too large for page by 6.1612pt on input line 460.


LaTeX Warning: `!h' float specifier changed to `!ht'.

[14 <./circcamera.PNG> <./circir.PNG>] [15 <./circservo.png>]
<circpwrsupply2.PNG, id=408, 3526.92656pt x 721.19438pt>
File: circpwrsupply2.PNG Graphic file (type png)

<use circpwrsupply2.PNG>
Package pdftex.def Info: circpwrsupply2.PNG used on input line 476.
(pdftex.def)             Requested size: 529.01616pt x 108.17448pt.


LaTeX Warning: Float too large for page by 1.01616pt on input line 479.


LaTeX Warning: `!h' float specifier changed to `!ht'.

[16

] [17 <./circpwrsupply2.PNG>]
CHAPTER 3.
<dagufull.jpg, id=421, 1204.5pt x 1204.5pt>
File: dagufull.jpg Graphic file (type jpg)
 <use dagufull.jpg>
Package pdftex.def Info: dagufull.jpg used on input line 494.
(pdftex.def)             Requested size: 144.53375pt x 144.53375pt.

<final.png, id=422, 169.38281pt x 155.83218pt>
File: final.png Graphic file (type png)
 <use final.png>
Package pdftex.def Info: final.png used on input line 499.
(pdftex.def)             Requested size: 169.38239pt x 155.8318pt.
 [18

 <./dagufull.jpg> <./final.png>] <threeelements.PNG, id=429, 342.5297pt x 173.1
4688pt>
File: threeelements.PNG Graphic file (type png)

<use threeelements.PNG>
Package pdftex.def Info: threeelements.PNG used on input line 517.
(pdftex.def)             Requested size: 342.52885pt x 173.14645pt.

Underfull \hbox (badness 10000) in paragraph at lines 522--530

 []

[19 <./threeelements.PNG>] <tripodgait.PNG, id=439, 322.95656pt x 183.68625pt>
File: tripodgait.PNG Graphic file (type png)

<use tripodgait.PNG>
Package pdftex.def Info: tripodgait.PNG used on input line 574.
(pdftex.def)             Requested size: 322.95576pt x 183.68578pt.


LaTeX Warning: `!h' float specifier changed to `!ht'.

<fig103.PNG, id=442, 425.33907pt x 334.24875pt>
File: fig103.PNG Graphic file (type png)
 <use fig103.PNG>
Package pdftex.def Info: fig103.PNG used on input line 594.
(pdftex.def)             Requested size: 345.0pt x 271.12761pt.
 [20]

LaTeX Warning: `!h' float specifier changed to `!ht'.

[21 <./tripodgait.PNG>] <fig104.PNG, id=455, 426.84468pt x 345.54094pt>
File: fig104.PNG Graphic file (type png)

<use fig104.PNG>
Package pdftex.def Info: fig104.PNG used on input line 612.
(pdftex.def)             Requested size: 345.0pt x 279.30136pt.


LaTeX Warning: `!h' float specifier changed to `!ht'.

[22 <./fig103.PNG>] <fig105.PNG, id=463, 412.54124pt x 330.48468pt>
File: fig105.PNG Graphic file (type png)

<use fig105.PNG>
Package pdftex.def Info: fig105.PNG used on input line 630.
(pdftex.def)             Requested size: 345.0pt x 276.37984pt.


LaTeX Warning: `!h' float specifier changed to `!ht'.

[23 <./fig104.PNG>]
Underfull \hbox (badness 10000) in paragraph at lines 636--637

 []

[24 <./fig105.PNG>]
Underfull \hbox (badness 10000) in paragraph at lines 651--652

 []


Underfull \hbox (badness 10000) in paragraph at lines 653--654

 []


Underfull \hbox (badness 10000) in paragraph at lines 668--669

 []

Missing character: There is no ‚ in font cmr10!
Missing character: There is no Ä in font cmr10!
Missing character: There is no ô in font cmr10!
Missing character: There is no ‚ in font cmr10!
Missing character: There is no Ä in font cmr10!
Missing character: There is no ô in font cmr10!

Underfull \hbox (badness 10000) in paragraph at lines 679--682

 []

[25]
Missing character: There is no √ in font cmr10!
Missing character: There is no ó in font cmr10!
Missing character: There is no √ in font cmr10!
Missing character: There is no ó in font cmr10!
 [26] [27] [28] [29] <gui001.PNG, id=548, 731.73375pt x 377.15906pt>
File: gui001.PNG Graphic file (type png)

<use gui001.PNG>
Package pdftex.def Info: gui001.PNG used on input line 781.
(pdftex.def)             Requested size: 345.0pt x 177.82301pt.

Underfull \hbox (badness 10000) in paragraph at lines 803--804

 []

<image.jpg, id=550, 3276.24pt x 2457.18pt>
File: image.jpg Graphic file (type jpg)
 <use image.jpg>
Package pdftex.def Info: image.jpg used on input line 809.
(pdftex.def)             Requested size: 172.5pt x 129.35257pt.

<imagedata.PNG, id=551, 733.99219pt x 378.66469pt>
File: imagedata.PNG Graphic file (type png)
 <use imagedata.PNG>
Package pdftex.def Info: imagedata.PNG used on input line 814.
(pdftex.def)             Requested size: 172.5pt x 88.99199pt.


LaTeX Warning: `!h' float specifier changed to `!ht'.

[30 <./gui001.PNG>]
Underfull \hbox (badness 10000) in paragraph at lines 822--825

 []

[31 <./image.jpg> <./imagedata.PNG>] [32]
CHAPTER 4.

Underfull \hbox (badness 10000) in paragraph at lines 837--838

 []

[33

]
Missing character: There is no ‚ in font cmr10!
Missing character: There is no Ä in font cmr10!
Missing character: There is no ô in font cmr10!
 [34]
Underfull \hbox (badness 10000) in paragraph at lines 879--880
[]\OT1/cmr/m/n/10 Ing.R.Woering,\OT1/cmr/m/it/10 Simulating the first steps of 
a walk-ing hexa-pod
 []


LaTeX Warning: Hyper reference `tosee' on page 35 undefined on input line 897.

[35

] [36


]
Appendix A.
<PIC16F877A.pdf, id=606, 613.29124pt x 793.96625pt>
File: PIC16F877A.pdf Graphic file (type pdf)
 <use PIC16F877A.pdf>
Package pdftex.def Info: PIC16F877A.pdf used on input line 907.
(pdftex.def)             Requested size: 613.28973pt x 793.96431pt.
File: PIC16F877A.pdf Graphic file (type pdf)

<use PIC16F877A.pdf>
Package pdftex.def Info: PIC16F877A.pdf used on input line 907.
(pdftex.def)             Requested size: 613.28973pt x 793.96431pt.
File: PIC16F877A.pdf Graphic file (type pdf)
 <use PIC16F877A.pdf>
Package pdftex.def Info: PIC16F877A.pdf used on input line 907.
(pdftex.def)             Requested size: 613.28973pt x 793.96431pt.
File: PIC16F877A.pdf Graphic file (type pdf)
 <use PIC16F877A.pdf>
Package pdftex.def Info: PIC16F877A.pdf used on input line 907.
(pdftex.def)             Requested size: 613.28973pt x 793.96431pt.
File: PIC16F877A.pdf Graphic file (type pdf)

<use PIC16F877A.pdf>
Package pdftex.def Info: PIC16F877A.pdf used on input line 907.
(pdftex.def)             Requested size: 613.28973pt x 793.96431pt.
File: PIC16F877A.pdf Graphic file (type pdf)
 <use PIC16F877A.pdf>
Package pdftex.def Info: PIC16F877A.pdf used on input line 907.
(pdftex.def)             Requested size: 613.28973pt x 793.96431pt.
File: PIC16F877A.pdf Graphic file (type pdf)
 <use PIC16F877A.pdf>
Package pdftex.def Info: PIC16F877A.pdf used on input line 907.
(pdftex.def)             Requested size: 613.28973pt x 793.96431pt.
File: PIC16F877A.pdf Graphic file (type pdf)

<use PIC16F877A.pdf>
Package pdftex.def Info: PIC16F877A.pdf used on input line 907.
(pdftex.def)             Requested size: 613.28973pt x 793.96431pt.
File: PIC16F877A.pdf Graphic file (type pdf)
 <use PIC16F877A.pdf>
Package pdftex.def Info: PIC16F877A.pdf used on input line 907.
(pdftex.def)             Requested size: 613.28973pt x 793.96431pt.
File: PIC16F877A.pdf Graphic file (type pdf)
 <use PIC16F877A.pdf>
Package pdftex.def Info: PIC16F877A.pdf used on input line 907.
(pdftex.def)             Requested size: 613.28973pt x 793.96431pt.
File: PIC16F877A.pdf Graphic file (type pdf)

<use PIC16F877A.pdf>
Package pdftex.def Info: PIC16F877A.pdf used on input line 907.
(pdftex.def)             Requested size: 613.28973pt x 793.96431pt.
 [37

]
<PIC16F877A.pdf, id=623, page=3, 613.29124pt x 793.96625pt>
File: PIC16F877A.pdf Graphic file (type pdf)

<use PIC16F877A.pdf, page 3>
Package pdftex.def Info: PIC16F877A.pdf, page3 used on input line 907.
(pdftex.def)             Requested size: 613.28973pt x 793.96431pt.
File: PIC16F877A.pdf Graphic file (type pdf)
 <use PIC16F877A.pdf, page 3>
Package pdftex.def Info: PIC16F877A.pdf, page3 used on input line 907.
(pdftex.def)             Requested size: 490.63365pt x 635.17386pt.
File: PIC16F877A.pdf Graphic file (type pdf)

<use PIC16F877A.pdf, page 3>
Package pdftex.def Info: PIC16F877A.pdf, page3 used on input line 907.
(pdftex.def)             Requested size: 490.63365pt x 635.17386pt.
File: PIC16F877A.pdf Graphic file (type pdf)
 <use PIC16F877A.pdf, page 3>
Package pdftex.def Info: PIC16F877A.pdf, page3 used on input line 907.
(pdftex.def)             Requested size: 490.63365pt x 635.17386pt.
File: PIC16F877A.pdf Graphic file (type pdf)

<use PIC16F877A.pdf, page 3>
Package pdftex.def Info: PIC16F877A.pdf, page3 used on input line 907.
(pdftex.def)             Requested size: 490.63365pt x 635.17386pt.
 [38 <./PIC16F877A.pdf>]
<PIC16F877A.pdf, id=648, page=4, 613.29124pt x 793.96625pt>
File: PIC16F877A.pdf Graphic file (type pdf)

<use PIC16F877A.pdf, page 4>
Package pdftex.def Info: PIC16F877A.pdf, page4 used on input line 907.
(pdftex.def)             Requested size: 490.63365pt x 635.17386pt.
File: PIC16F877A.pdf Graphic file (type pdf)
 <use PIC16F877A.pdf, page 4>
Package pdftex.def Info: PIC16F877A.pdf, page4 used on input line 907.
(pdftex.def)             Requested size: 490.63365pt x 635.17386pt.
File: PIC16F877A.pdf Graphic file (type pdf)

<use PIC16F877A.pdf, page 4>
Package pdftex.def Info: PIC16F877A.pdf, page4 used on input line 907.
(pdftex.def)             Requested size: 490.63365pt x 635.17386pt.
 [39 <./PIC16F877A.pdf>]
<PIC16F877A.pdf, id=659, page=5, 613.29124pt x 793.96625pt>
File: PIC16F877A.pdf Graphic file (type pdf)

<use PIC16F877A.pdf, page 5>
Package pdftex.def Info: PIC16F877A.pdf, page5 used on input line 907.
(pdftex.def)             Requested size: 490.63365pt x 635.17386pt.
File: PIC16F877A.pdf Graphic file (type pdf)
 <use PIC16F877A.pdf, page 5>
Package pdftex.def Info: PIC16F877A.pdf, page5 used on input line 907.
(pdftex.def)             Requested size: 490.63365pt x 635.17386pt.
File: PIC16F877A.pdf Graphic file (type pdf)

<use PIC16F877A.pdf, page 5>
Package pdftex.def Info: PIC16F877A.pdf, page5 used on input line 907.
(pdftex.def)             Requested size: 490.63365pt x 635.17386pt.
 [40 <./PIC16F877A.pdf>]
<PIC16F877A.pdf, id=664, page=8, 613.29124pt x 793.96625pt>
File: PIC16F877A.pdf Graphic file (type pdf)

<use PIC16F877A.pdf, page 8>
Package pdftex.def Info: PIC16F877A.pdf, page8 used on input line 907.
(pdftex.def)             Requested size: 490.63365pt x 635.17386pt.
File: PIC16F877A.pdf Graphic file (type pdf)
 <use PIC16F877A.pdf, page 8>
Package pdftex.def Info: PIC16F877A.pdf, page8 used on input line 907.
(pdftex.def)             Requested size: 490.63365pt x 635.17386pt.
File: PIC16F877A.pdf Graphic file (type pdf)

<use PIC16F877A.pdf, page 8>
Package pdftex.def Info: PIC16F877A.pdf, page8 used on input line 907.
(pdftex.def)             Requested size: 490.63365pt x 635.17386pt.
 [41 <./PIC16F877A.pdf>]
<PIC16F877A.pdf, id=669, page=10, 613.29124pt x 793.96625pt>
File: PIC16F877A.pdf Graphic file (type pdf)

<use PIC16F877A.pdf, page 10>
Package pdftex.def Info: PIC16F877A.pdf, page10 used on input line 907.
(pdftex.def)             Requested size: 490.63365pt x 635.17386pt.
File: PIC16F877A.pdf Graphic file (type pdf)
 <use PIC16F877A.pdf, page 10>
Package pdftex.def Info: PIC16F877A.pdf, page10 used on input line 907.
(pdftex.def)             Requested size: 490.63365pt x 635.17386pt.
File: PIC16F877A.pdf Graphic file (type pdf)

<use PIC16F877A.pdf, page 10>
Package pdftex.def Info: PIC16F877A.pdf, page10 used on input line 907.
(pdftex.def)             Requested size: 490.63365pt x 635.17386pt.
 [42 <./PIC16F877A.pdf>]
<PIC16F877A.pdf, id=674, page=11, 613.29124pt x 793.96625pt>
File: PIC16F877A.pdf Graphic file (type pdf)

<use PIC16F877A.pdf, page 11>
Package pdftex.def Info: PIC16F877A.pdf, page11 used on input line 907.
(pdftex.def)             Requested size: 490.63365pt x 635.17386pt.
File: PIC16F877A.pdf Graphic file (type pdf)
 <use PIC16F877A.pdf, page 11>
Package pdftex.def Info: PIC16F877A.pdf, page11 used on input line 907.
(pdftex.def)             Requested size: 490.63365pt x 635.17386pt.
File: PIC16F877A.pdf Graphic file (type pdf)

<use PIC16F877A.pdf, page 11>
Package pdftex.def Info: PIC16F877A.pdf, page11 used on input line 907.
(pdftex.def)             Requested size: 490.63365pt x 635.17386pt.
 [43 <./PIC16F877A.pdf>]
<PIC16F877A.pdf, id=680, page=13, 613.29124pt x 793.96625pt>
File: PIC16F877A.pdf Graphic file (type pdf)

<use PIC16F877A.pdf, page 13>
Package pdftex.def Info: PIC16F877A.pdf, page13 used on input line 907.
(pdftex.def)             Requested size: 490.63365pt x 635.17386pt.
File: PIC16F877A.pdf Graphic file (type pdf)
 <use PIC16F877A.pdf, page 13>
Package pdftex.def Info: PIC16F877A.pdf, page13 used on input line 907.
(pdftex.def)             Requested size: 490.63365pt x 635.17386pt.
File: PIC16F877A.pdf Graphic file (type pdf)

<use PIC16F877A.pdf, page 13>
Package pdftex.def Info: PIC16F877A.pdf, page13 used on input line 907.
(pdftex.def)             Requested size: 490.63365pt x 635.17386pt.
 [44 <./PIC16F877A.pdf>]
<PIC16F877A.pdf, id=685, page=21, 613.29124pt x 793.96625pt>
File: PIC16F877A.pdf Graphic file (type pdf)

<use PIC16F877A.pdf, page 21>
Package pdftex.def Info: PIC16F877A.pdf, page21 used on input line 907.
(pdftex.def)             Requested size: 490.63365pt x 635.17386pt.
File: PIC16F877A.pdf Graphic file (type pdf)
 <use PIC16F877A.pdf, page 21>
Package pdftex.def Info: PIC16F877A.pdf, page21 used on input line 907.
(pdftex.def)             Requested size: 490.63365pt x 635.17386pt.
File: PIC16F877A.pdf Graphic file (type pdf)

<use PIC16F877A.pdf, page 21>
Package pdftex.def Info: PIC16F877A.pdf, page21 used on input line 907.
(pdftex.def)             Requested size: 490.63365pt x 635.17386pt.
 [45 <./PIC16F877A.pdf>]
<PIC16F877A.pdf, id=693, page=22, 613.29124pt x 793.96625pt>
File: PIC16F877A.pdf Graphic file (type pdf)

<use PIC16F877A.pdf, page 22>
Package pdftex.def Info: PIC16F877A.pdf, page22 used on input line 907.
(pdftex.def)             Requested size: 490.63365pt x 635.17386pt.
File: PIC16F877A.pdf Graphic file (type pdf)
 <use PIC16F877A.pdf, page 22>
Package pdftex.def Info: PIC16F877A.pdf, page22 used on input line 907.
(pdftex.def)             Requested size: 490.63365pt x 635.17386pt.
File: PIC16F877A.pdf Graphic file (type pdf)

<use PIC16F877A.pdf, page 22>
Package pdftex.def Info: PIC16F877A.pdf, page22 used on input line 907.
(pdftex.def)             Requested size: 490.63365pt x 635.17386pt.
 [46 <./PIC16F877A.pdf>]
<PIC16F877A.pdf, id=698, page=49, 613.29124pt x 793.96625pt>
File: PIC16F877A.pdf Graphic file (type pdf)

<use PIC16F877A.pdf, page 49>
Package pdftex.def Info: PIC16F877A.pdf, page49 used on input line 907.
(pdftex.def)             Requested size: 490.63365pt x 635.17386pt.
File: PIC16F877A.pdf Graphic file (type pdf)
 <use PIC16F877A.pdf, page 49>
Package pdftex.def Info: PIC16F877A.pdf, page49 used on input line 907.
(pdftex.def)             Requested size: 490.63365pt x 635.17386pt.
File: PIC16F877A.pdf Graphic file (type pdf)

<use PIC16F877A.pdf, page 49>
Package pdftex.def Info: PIC16F877A.pdf, page49 used on input line 907.
(pdftex.def)             Requested size: 490.63365pt x 635.17386pt.
 [47 <./PIC16F877A.pdf>]
<PIC16F877A.pdf, id=703, page=50, 613.29124pt x 793.96625pt>
File: PIC16F877A.pdf Graphic file (type pdf)

<use PIC16F877A.pdf, page 50>
Package pdftex.def Info: PIC16F877A.pdf, page50 used on input line 907.
(pdftex.def)             Requested size: 490.63365pt x 635.17386pt.
File: PIC16F877A.pdf Graphic file (type pdf)
 <use PIC16F877A.pdf, page 50>
Package pdftex.def Info: PIC16F877A.pdf, page50 used on input line 907.
(pdftex.def)             Requested size: 490.63365pt x 635.17386pt.
File: PIC16F877A.pdf Graphic file (type pdf)

<use PIC16F877A.pdf, page 50>
Package pdftex.def Info: PIC16F877A.pdf, page50 used on input line 907.
(pdftex.def)             Requested size: 490.63365pt x 635.17386pt.
 [48 <./PIC16F877A.pdf>]
<PIC16F877A.pdf, id=709, page=51, 613.29124pt x 793.96625pt>
File: PIC16F877A.pdf Graphic file (type pdf)

<use PIC16F877A.pdf, page 51>
Package pdftex.def Info: PIC16F877A.pdf, page51 used on input line 907.
(pdftex.def)             Requested size: 490.63365pt x 635.17386pt.
File: PIC16F877A.pdf Graphic file (type pdf)
 <use PIC16F877A.pdf, page 51>
Package pdftex.def Info: PIC16F877A.pdf, page51 used on input line 907.
(pdftex.def)             Requested size: 490.63365pt x 635.17386pt.
File: PIC16F877A.pdf Graphic file (type pdf)

<use PIC16F877A.pdf, page 51>
Package pdftex.def Info: PIC16F877A.pdf, page51 used on input line 907.
(pdftex.def)             Requested size: 490.63365pt x 635.17386pt.
 [49 <./PIC16F877A.pdf>]
<PIC16F877A.pdf, id=715, page=97, 613.29124pt x 793.96625pt>
File: PIC16F877A.pdf Graphic file (type pdf)

<use PIC16F877A.pdf, page 97>
Package pdftex.def Info: PIC16F877A.pdf, page97 used on input line 907.
(pdftex.def)             Requested size: 490.63365pt x 635.17386pt.
File: PIC16F877A.pdf Graphic file (type pdf)
 <use PIC16F877A.pdf, page 97>
Package pdftex.def Info: PIC16F877A.pdf, page97 used on input line 907.
(pdftex.def)             Requested size: 490.63365pt x 635.17386pt.
File: PIC16F877A.pdf Graphic file (type pdf)

<use PIC16F877A.pdf, page 97>
Package pdftex.def Info: PIC16F877A.pdf, page97 used on input line 907.
(pdftex.def)             Requested size: 490.63365pt x 635.17386pt.
 [50 <./PIC16F877A.pdf>]
<PIC16F877A.pdf, id=720, page=98, 613.29124pt x 793.96625pt>
File: PIC16F877A.pdf Graphic file (type pdf)

<use PIC16F877A.pdf, page 98>
Package pdftex.def Info: PIC16F877A.pdf, page98 used on input line 907.
(pdftex.def)             Requested size: 490.63365pt x 635.17386pt.
File: PIC16F877A.pdf Graphic file (type pdf)
 <use PIC16F877A.pdf, page 98>
Package pdftex.def Info: PIC16F877A.pdf, page98 used on input line 907.
(pdftex.def)             Requested size: 490.63365pt x 635.17386pt.
File: PIC16F877A.pdf Graphic file (type pdf)

<use PIC16F877A.pdf, page 98>
Package pdftex.def Info: PIC16F877A.pdf, page98 used on input line 907.
(pdftex.def)             Requested size: 490.63365pt x 635.17386pt.
 [51 <./PIC16F877A.pdf>]
<PIC16F877A.pdf, id=725, page=99, 613.29124pt x 793.96625pt>
File: PIC16F877A.pdf Graphic file (type pdf)

<use PIC16F877A.pdf, page 99>
Package pdftex.def Info: PIC16F877A.pdf, page99 used on input line 907.
(pdftex.def)             Requested size: 490.63365pt x 635.17386pt.
File: PIC16F877A.pdf Graphic file (type pdf)
 <use PIC16F877A.pdf, page 99>
Package pdftex.def Info: PIC16F877A.pdf, page99 used on input line 907.
(pdftex.def)             Requested size: 490.63365pt x 635.17386pt.
File: PIC16F877A.pdf Graphic file (type pdf)

<use PIC16F877A.pdf, page 99>
Package pdftex.def Info: PIC16F877A.pdf, page99 used on input line 907.
(pdftex.def)             Requested size: 490.63365pt x 635.17386pt.
 [52 <./PIC16F877A.pdf>]
<PIC16F877A.pdf, id=730, page=100, 613.29124pt x 793.96625pt>
File: PIC16F877A.pdf Graphic file (type pdf)

<use PIC16F877A.pdf, page 100>
Package pdftex.def Info: PIC16F877A.pdf, page100 used on input line 907.
(pdftex.def)             Requested size: 490.63365pt x 635.17386pt.
File: PIC16F877A.pdf Graphic file (type pdf)
 <use PIC16F877A.pdf, page 100>
Package pdftex.def Info: PIC16F877A.pdf, page100 used on input line 907.
(pdftex.def)             Requested size: 490.63365pt x 635.17386pt.
File: PIC16F877A.pdf Graphic file (type pdf)

<use PIC16F877A.pdf, page 100>
Package pdftex.def Info: PIC16F877A.pdf, page100 used on input line 907.
(pdftex.def)             Requested size: 490.63365pt x 635.17386pt.
 [53 <./PIC16F877A.pdf>]
<PIC16F877A.pdf, id=735, page=101, 613.29124pt x 793.96625pt>
File: PIC16F877A.pdf Graphic file (type pdf)

<use PIC16F877A.pdf, page 101>
Package pdftex.def Info: PIC16F877A.pdf, page101 used on input line 907.
(pdftex.def)             Requested size: 490.63365pt x 635.17386pt.
File: PIC16F877A.pdf Graphic file (type pdf)
 <use PIC16F877A.pdf, page 101>
Package pdftex.def Info: PIC16F877A.pdf, page101 used on input line 907.
(pdftex.def)             Requested size: 490.63365pt x 635.17386pt.
File: PIC16F877A.pdf Graphic file (type pdf)

<use PIC16F877A.pdf, page 101>
Package pdftex.def Info: PIC16F877A.pdf, page101 used on input line 907.
(pdftex.def)             Requested size: 490.63365pt x 635.17386pt.
 [54 <./PIC16F877A.pdf>]
<PIC16F877A.pdf, id=740, page=102, 613.29124pt x 793.96625pt>
File: PIC16F877A.pdf Graphic file (type pdf)

<use PIC16F877A.pdf, page 102>
Package pdftex.def Info: PIC16F877A.pdf, page102 used on input line 907.
(pdftex.def)             Requested size: 490.63365pt x 635.17386pt.
File: PIC16F877A.pdf Graphic file (type pdf)
 <use PIC16F877A.pdf, page 102>
Package pdftex.def Info: PIC16F877A.pdf, page102 used on input line 907.
(pdftex.def)             Requested size: 490.63365pt x 635.17386pt.
File: PIC16F877A.pdf Graphic file (type pdf)

<use PIC16F877A.pdf, page 102>
Package pdftex.def Info: PIC16F877A.pdf, page102 used on input line 907.
(pdftex.def)             Requested size: 490.63365pt x 635.17386pt.
 [55 <./PIC16F877A.pdf>]
<PIC16F877A.pdf, id=746, page=103, 613.29124pt x 793.96625pt>
File: PIC16F877A.pdf Graphic file (type pdf)

<use PIC16F877A.pdf, page 103>
Package pdftex.def Info: PIC16F877A.pdf, page103 used on input line 907.
(pdftex.def)             Requested size: 490.63365pt x 635.17386pt.
File: PIC16F877A.pdf Graphic file (type pdf)
 <use PIC16F877A.pdf, page 103>
Package pdftex.def Info: PIC16F877A.pdf, page103 used on input line 907.
(pdftex.def)             Requested size: 490.63365pt x 635.17386pt.
File: PIC16F877A.pdf Graphic file (type pdf)

<use PIC16F877A.pdf, page 103>
Package pdftex.def Info: PIC16F877A.pdf, page103 used on input line 907.
(pdftex.def)             Requested size: 490.63365pt x 635.17386pt.
 [56 <./PIC16F877A.pdf>]
<PIC16F877A.pdf, id=751, page=104, 613.29124pt x 793.96625pt>
File: PIC16F877A.pdf Graphic file (type pdf)

<use PIC16F877A.pdf, page 104>
Package pdftex.def Info: PIC16F877A.pdf, page104 used on input line 907.
(pdftex.def)             Requested size: 490.63365pt x 635.17386pt.
File: PIC16F877A.pdf Graphic file (type pdf)
 <use PIC16F877A.pdf, page 104>
Package pdftex.def Info: PIC16F877A.pdf, page104 used on input line 907.
(pdftex.def)             Requested size: 490.63365pt x 635.17386pt.
File: PIC16F877A.pdf Graphic file (type pdf)

<use PIC16F877A.pdf, page 104>
Package pdftex.def Info: PIC16F877A.pdf, page104 used on input line 907.
(pdftex.def)             Requested size: 490.63365pt x 635.17386pt.
 [57 <./PIC16F877A.pdf>]
<PIC16F877A.pdf, id=756, page=105, 613.29124pt x 793.96625pt>
File: PIC16F877A.pdf Graphic file (type pdf)

<use PIC16F877A.pdf, page 105>
Package pdftex.def Info: PIC16F877A.pdf, page105 used on input line 907.
(pdftex.def)             Requested size: 490.63365pt x 635.17386pt.
File: PIC16F877A.pdf Graphic file (type pdf)
 <use PIC16F877A.pdf, page 105>
Package pdftex.def Info: PIC16F877A.pdf, page105 used on input line 907.
(pdftex.def)             Requested size: 490.63365pt x 635.17386pt.
File: PIC16F877A.pdf Graphic file (type pdf)

<use PIC16F877A.pdf, page 105>
Package pdftex.def Info: PIC16F877A.pdf, page105 used on input line 907.
(pdftex.def)             Requested size: 490.63365pt x 635.17386pt.
 [58 <./PIC16F877A.pdf>]
<PIC16F877A.pdf, id=761, page=106, 613.29124pt x 793.96625pt>
File: PIC16F877A.pdf Graphic file (type pdf)

<use PIC16F877A.pdf, page 106>
Package pdftex.def Info: PIC16F877A.pdf, page106 used on input line 907.
(pdftex.def)             Requested size: 490.63365pt x 635.17386pt.
File: PIC16F877A.pdf Graphic file (type pdf)
 <use PIC16F877A.pdf, page 106>
Package pdftex.def Info: PIC16F877A.pdf, page106 used on input line 907.
(pdftex.def)             Requested size: 490.63365pt x 635.17386pt.
File: PIC16F877A.pdf Graphic file (type pdf)

<use PIC16F877A.pdf, page 106>
Package pdftex.def Info: PIC16F877A.pdf, page106 used on input line 907.
(pdftex.def)             Requested size: 490.63365pt x 635.17386pt.
 [59 <./PIC16F877A.pdf>]
<PIC16F877A.pdf, id=768, page=113, 613.29124pt x 793.96625pt>
File: PIC16F877A.pdf Graphic file (type pdf)

<use PIC16F877A.pdf, page 113>
Package pdftex.def Info: PIC16F877A.pdf, page113 used on input line 907.
(pdftex.def)             Requested size: 490.63365pt x 635.17386pt.
File: PIC16F877A.pdf Graphic file (type pdf)
 <use PIC16F877A.pdf, page 113>
Package pdftex.def Info: PIC16F877A.pdf, page113 used on input line 907.
(pdftex.def)             Requested size: 490.63365pt x 635.17386pt.
File: PIC16F877A.pdf Graphic file (type pdf)

<use PIC16F877A.pdf, page 113>
Package pdftex.def Info: PIC16F877A.pdf, page113 used on input line 907.
(pdftex.def)             Requested size: 490.63365pt x 635.17386pt.
 [60 <./PIC16F877A.pdf>]
<PIC16F877A.pdf, id=773, page=114, 613.29124pt x 793.96625pt>
File: PIC16F877A.pdf Graphic file (type pdf)

<use PIC16F877A.pdf, page 114>
Package pdftex.def Info: PIC16F877A.pdf, page114 used on input line 907.
(pdftex.def)             Requested size: 490.63365pt x 635.17386pt.
File: PIC16F877A.pdf Graphic file (type pdf)
 <use PIC16F877A.pdf, page 114>
Package pdftex.def Info: PIC16F877A.pdf, page114 used on input line 907.
(pdftex.def)             Requested size: 490.63365pt x 635.17386pt.
File: PIC16F877A.pdf Graphic file (type pdf)

<use PIC16F877A.pdf, page 114>
Package pdftex.def Info: PIC16F877A.pdf, page114 used on input line 907.
(pdftex.def)             Requested size: 490.63365pt x 635.17386pt.
 [61 <./PIC16F877A.pdf>]
<PIC16F877A.pdf, id=779, page=115, 613.29124pt x 793.96625pt>
File: PIC16F877A.pdf Graphic file (type pdf)

<use PIC16F877A.pdf, page 115>
Package pdftex.def Info: PIC16F877A.pdf, page115 used on input line 907.
(pdftex.def)             Requested size: 490.63365pt x 635.17386pt.
File: PIC16F877A.pdf Graphic file (type pdf)
 <use PIC16F877A.pdf, page 115>
Package pdftex.def Info: PIC16F877A.pdf, page115 used on input line 907.
(pdftex.def)             Requested size: 490.63365pt x 635.17386pt.
File: PIC16F877A.pdf Graphic file (type pdf)

<use PIC16F877A.pdf, page 115>
Package pdftex.def Info: PIC16F877A.pdf, page115 used on input line 907.
(pdftex.def)             Requested size: 490.63365pt x 635.17386pt.
 [62 <./PIC16F877A.pdf>]
<PIC16F877A.pdf, id=787, page=116, 613.29124pt x 793.96625pt>
File: PIC16F877A.pdf Graphic file (type pdf)

<use PIC16F877A.pdf, page 116>
Package pdftex.def Info: PIC16F877A.pdf, page116 used on input line 907.
(pdftex.def)             Requested size: 490.63365pt x 635.17386pt.
File: PIC16F877A.pdf Graphic file (type pdf)
 <use PIC16F877A.pdf, page 116>
Package pdftex.def Info: PIC16F877A.pdf, page116 used on input line 907.
(pdftex.def)             Requested size: 490.63365pt x 635.17386pt.
File: PIC16F877A.pdf Graphic file (type pdf)

<use PIC16F877A.pdf, page 116>
Package pdftex.def Info: PIC16F877A.pdf, page116 used on input line 907.
(pdftex.def)             Requested size: 490.63365pt x 635.17386pt.
 [63 <./PIC16F877A.pdf>]
<PIC16F877A.pdf, id=792, page=117, 613.29124pt x 793.96625pt>
File: PIC16F877A.pdf Graphic file (type pdf)

<use PIC16F877A.pdf, page 117>
Package pdftex.def Info: PIC16F877A.pdf, page117 used on input line 907.
(pdftex.def)             Requested size: 490.63365pt x 635.17386pt.
File: PIC16F877A.pdf Graphic file (type pdf)
 <use PIC16F877A.pdf, page 117>
Package pdftex.def Info: PIC16F877A.pdf, page117 used on input line 907.
(pdftex.def)             Requested size: 490.63365pt x 635.17386pt.
File: PIC16F877A.pdf Graphic file (type pdf)

<use PIC16F877A.pdf, page 117>
Package pdftex.def Info: PIC16F877A.pdf, page117 used on input line 907.
(pdftex.def)             Requested size: 490.63365pt x 635.17386pt.
 [64 <./PIC16F877A.pdf>]
<PIC16F877A.pdf, id=802, page=118, 613.29124pt x 793.96625pt>
File: PIC16F877A.pdf Graphic file (type pdf)

<use PIC16F877A.pdf, page 118>
Package pdftex.def Info: PIC16F877A.pdf, page118 used on input line 907.
(pdftex.def)             Requested size: 490.63365pt x 635.17386pt.
File: PIC16F877A.pdf Graphic file (type pdf)
 <use PIC16F877A.pdf, page 118>
Package pdftex.def Info: PIC16F877A.pdf, page118 used on input line 907.
(pdftex.def)             Requested size: 490.63365pt x 635.17386pt.
File: PIC16F877A.pdf Graphic file (type pdf)

<use PIC16F877A.pdf, page 118>
Package pdftex.def Info: PIC16F877A.pdf, page118 used on input line 907.
(pdftex.def)             Requested size: 490.63365pt x 635.17386pt.
 [65 <./PIC16F877A.pdf>]
Appendix B.
LaTeX Font Info:    Try loading font information for OML+cmr on input line 914.

(/usr/share/texlive/texmf-dist/tex/latex/base/omlcmr.fd
File: omlcmr.fd 1999/05/25 v2.5h Standard LaTeX font definitions
)
LaTeX Font Info:    Font shape `OML/cmr/m/n' in size <10> not available
(Font)              Font shape `OML/cmm/m/it' tried instead on input line 914.
 [66

] [67] [68]
[69] [70] [71] [72] [73] [74] [75] [76] [77] [78] [79] [80] [81] [82] [83]
[84] [85] [86] [87]
Appendix C.
(/usr/share/texlive/texmf-dist/tex/latex/listings/lstlang1.sty
File: lstlang1.sty 2013/08/26 1.5b listings language file
) (./code.m
[88

])
Package atveryend Info: Empty hook `BeforeClearDocument' on input line 1827.
 [89]
Package atveryend Info: Empty hook `AfterLastShipout' on input line 1827.
 (./report.aux)
Package atveryend Info: Executing hook `AtVeryEndDocument' on input line 1827.
Package atveryend Info: Executing hook `AtEndAfterFileList' on input line 1827.

Package rerunfilecheck Info: File `report.out' has not changed.
(rerunfilecheck)             Checksum: BC4AC987B8ECAA311D58542EC23B6268;2561.


LaTeX Warning: There were undefined references.


LaTeX Warning: There were multiply-defined labels.

Package atveryend Info: Empty hook `AtVeryVeryEnd' on input line 1827.
 ) 
Here is how much of TeX's memory you used:
 20576 strings out of 493304
 356484 string characters out of 6139870
 619176 words of memory out of 5000000
 22489 multiletter control sequences out of 15000+600000
 11529 words of font info for 40 fonts, out of 8000000 for 9000
 957 hyphenation exceptions out of 8191
 56i,19n,55p,869b,2351s stack positions out of 5000i,500n,10000p,200000b,80000s
</usr/share/texlive/texmf-dist/fonts/type1/public/amsfonts/cm/cmbx10.pfb></us
r/share/texlive/texmf-dist/fonts/type1/public/amsfonts/cm/cmbx12.pfb></usr/shar
e/texlive/texmf-dist/fonts/type1/public/amsfonts/cm/cmbxti10.pfb></usr/share/te
xlive/texmf-dist/fonts/type1/public/amsfonts/cm/cmmi10.pfb></usr/share/texlive/
texmf-dist/fonts/type1/public/amsfonts/cm/cmr10.pfb></usr/share/texlive/texmf-d
ist/fonts/type1/public/amsfonts/cm/cmr12.pfb></usr/share/texlive/texmf-dist/fon
ts/type1/public/amsfonts/cm/cmr9.pfb></usr/share/texlive/texmf-dist/fonts/type1
/public/amsfonts/cm/cmsl10.pfb></usr/share/texlive/texmf-dist/fonts/type1/publi
c/amsfonts/cm/cmssbx10.pfb></usr/share/texlive/texmf-dist/fonts/type1/public/am
sfonts/cm/cmsy10.pfb></usr/share/texlive/texmf-dist/fonts/type1/public/amsfonts
/cm/cmti10.pfb></usr/share/texlive/texmf-dist/fonts/type1/public/amsfonts/cm/cm
tt10.pfb>
Output written on report.pdf (95 pages, 6223297 bytes).
PDF statistics:
 2145 PDF objects out of 2487 (max. 8388607)
 1912 compressed objects within 20 object streams
 1188 named destinations out of 1200 (max. 500000)
 677 words of extra memory for PDF output out of 10000 (max. 10000000)

