\BOOKMARK [0][-]{chapter.1}{PROBLEM STATEMENT}{}% 1
\BOOKMARK [1][-]{section.1.1}{Introduction}{chapter.1}% 2
\BOOKMARK [2][-]{subsection.1.1.1}{General Aspects}{section.1.1}% 3
\BOOKMARK [2][-]{subsection.1.1.2}{Economics}{section.1.1}% 4
\BOOKMARK [1][-]{section.1.2}{Areas Of Application}{chapter.1}% 5
\BOOKMARK [2][-]{subsection.1.2.1}{Crop establishment}{section.1.2}% 6
\BOOKMARK [1][-]{section.1.3}{Crop scouting}{chapter.1}% 7
\BOOKMARK [2][-]{subsection.1.3.1}{Selective harvesting}{section.1.3}% 8
\BOOKMARK [1][-]{section.1.4}{Target specifications of feasible solution}{chapter.1}% 9
\BOOKMARK [2][-]{subsection.1.4.1}{Reasons to choose legged configuration}{section.1.4}% 10
\BOOKMARK [2][-]{subsection.1.4.2}{Legged robots}{section.1.4}% 11
\BOOKMARK [0][-]{chapter.2}{CIRCUIT LEVEL DESCRIPTION}{}% 12
\BOOKMARK [1][-]{section.2.1}{Components list}{chapter.2}% 13
\BOOKMARK [1][-]{section.2.2}{Circuit Diagram}{chapter.2}% 14
\BOOKMARK [2][-]{subsection.2.2.1}{PIC 16f877a and it's interface circuit}{section.2.2}% 15
\BOOKMARK [2][-]{subsection.2.2.2}{ZIGBEE module and it's interface circuit}{section.2.2}% 16
\BOOKMARK [2][-]{subsection.2.2.3}{Power supply-1}{section.2.2}% 17
\BOOKMARK [2][-]{subsection.2.2.4}{Wireless camera and IR Proximity sensor}{section.2.2}% 18
\BOOKMARK [2][-]{subsection.2.2.5}{Servo motors}{section.2.2}% 19
\BOOKMARK [2][-]{subsection.2.2.6}{Power supply 2}{section.2.2}% 20
\BOOKMARK [1][-]{section.2.3}{Tools used}{chapter.2}% 21
\BOOKMARK [0][-]{chapter.3}{PROJECT IMPLEMENTATION}{}% 22
\BOOKMARK [1][-]{section.3.1}{System Design}{chapter.3}% 23
\BOOKMARK [2][-]{subsection.3.1.1}{System Structure}{section.3.1}% 24
\BOOKMARK [1][-]{section.3.2}{Wlaking pattern}{chapter.3}% 25
\BOOKMARK [2][-]{subsection.3.2.1}{Walking forward}{section.3.2}% 26
\BOOKMARK [2][-]{subsection.3.2.2}{Moving backward}{section.3.2}% 27
\BOOKMARK [2][-]{subsection.3.2.3}{Turning left}{section.3.2}% 28
\BOOKMARK [2][-]{subsection.3.2.4}{Turning right}{section.3.2}% 29
\BOOKMARK [1][-]{section.3.3}{Servo control}{chapter.3}% 30
\BOOKMARK [2][-]{subsection.3.3.1}{Flowcharts}{section.3.3}% 31
\BOOKMARK [1][-]{section.3.4}{GUI creation using Matlab}{chapter.3}% 32
\BOOKMARK [1][-]{section.3.5}{Weed detection using Matlab}{chapter.3}% 33
\BOOKMARK [0][-]{chapter.4}{CONCLUSION AND FUTURE SCOPE}{}% 34
\BOOKMARK [0][-]{section*.36}{Appendices}{}% 35
\BOOKMARK [0][-]{Appendix.a.A}{16f877a Datasheet}{}% 36
\BOOKMARK [0][-]{Appendix.a.B}{Source Code - PIC 16f877a}{}% 37
\BOOKMARK [0][-]{Appendix.a.C}{Matlab Weed Detection}{}% 38
